<?xml version="1.0" encoding="UTF-8"?>
<!-- Generated by org.testng.reporters.JUnitReportReporter -->
<testsuite hostname="LAPTOP-S19MSIEA" failures="0" tests="1" name="com.inetbanking.testcases.TC_LoginTest_001" time="2.610" errors="0" timestamp="2022-09-07T11:23:18 IST" skipped="0">
  <testcase classname="com.inetbanking.testcases.TC_LoginTest_001" name="loginTest" time="2.610"/>
  <system-out/>
</testsuite> <!-- com.inetbanking.testcases.TC_LoginTest_001 -->
