<?xml version="1.0" encoding="UTF-8"?>
<!-- Generated by org.testng.reporters.JUnitReportReporter -->
<testsuite hostname="LAPTOP-S19MSIEA" failures="0" tests="1" name="com.inetbanking.testcases.TC_logingDDT_002" time="0.000" errors="0" timestamp="2022-09-07T11:17:08 IST" skipped="1">
  <testcase classname="com.inetbanking.testcases.TC_logingDDT_002" name="loginDDT" time="0.000">
    <skipped/>
  </testcase> <!-- loginDDT -->
  <system-out/>
</testsuite> <!-- com.inetbanking.testcases.TC_logingDDT_002 -->
