<?xml version="1.0" encoding="UTF-8"?>
<!-- Generated by org.testng.reporters.JUnitReportReporter -->
<testsuite hostname="LAPTOP-S19MSIEA" failures="0" tests="1" name="com.inetbanking.testcases.TC_AddCustomerTest_003" time="19.943" errors="0" timestamp="2022-09-07T11:23:18 IST" skipped="0">
  <testcase classname="com.inetbanking.testcases.TC_AddCustomerTest_003" name="addNewCustomer" time="19.943"/>
  <system-out/>
</testsuite> <!-- com.inetbanking.testcases.TC_AddCustomerTest_003 -->
